CONNECTED(00000003)
---
no peer certificate available
---
No client certificate CA names sent
---
SSL handshake has read 0 bytes and written 320 bytes
---
New, (NONE), Cipher is (NONE)
Secure Renegotiation IS NOT supported
Compression: NONE
Expansion: NONE
---
CCAmQCFQFW9mR5x0Bx5RE0plmguZNsQgfuwzANBgkqhkiG9w0BAQUFADCB
hzELMAkGA1UEBhMCUk8xDjAMBgNVBAgMBVRpbWlzMRIwEAYDVQQHDAlUaW1pc29h
cmExDjAMBgNVBAoMBU9XQVNQMQwwCgYDVQQLDANTZWMxDzANBgNVBAMMBkNvcm5l
bDElMCMGCSqGSIb3DQEJARYWY29ybmVsLnB1bmdhQGdtYWlsLmNvbTAeFw0xNDA2
MDIxMDQ5NTNaFw0xNTA2MDIxMDQ5NTNaMGwxCzAJBgNVBAYTAklOMQswCQYDVQQI
EwJBUDESMBAGA1UEBxMJMTI3LjAuMC4xMQ0wCwYDVQQKEwRPV1RGMRYwFAYDVQQL
Ew1JbmJvdW5kLVByb3h5MRUwEwYDVQQDFAwqLjE3MC4xODguODQwggEiMA0GCSqG
SIb3DQEBAQUAA4IBDwAwggEKAoIBAQDPMd28MEd6Bl1mlUwMxCJRwojZOpu0dQc+
1JGqEJYvaCBgRfP7izHsWFpV8rjWO4+34FciopX8a11W5bu+lE5S0esoN7tzci88
M80NH7BjgsjT8akcH8yvGFatXS1WCWiCN2M23Pevvpvo0JDKpUiRaiDPumZ8/aI0
XR/ZOlvGylSU5wl4FG7zihf0EcfCWLfe1+PgMP3hkawdG6Ehe8DO95rxa4GaUdSN
LEF+6bUlV4yYWBLQKHKpDLrQJm7Y8YVTqRzqX1oE7rctISrGKrsG0+ni9ibshlEr
lu+XpQJyDk06ilrYAc3BByEDPw0tyu6SWR37bbM22NfxI8zc89QjAgMBAAEwDQYJ
KoZIhvcNAQEFBQADgYEAfcPJfa3gTUkas22HxgDuyNfiM8VOX2syNmIBBp+4LtaO
3eTu3mJ7JrbNE2pouTx5SOvVeoqkhijeNnLOb7gyc904BHqBQRp7Lxxo0mTpoW1q
F7ZexLWp2LQIQnMzWwdf/bc/zOZklwF2nBm+Kz/V//Ye/vxQdX9SqF6BWnLG5JM=
-----END CERTIFICATE-----
subject=/C=IN/ST=AP/L=127.0.0.1/O=OWTF/OU=Inbound-Proxy/CN=*.170.188.84
issuer=/C=RO/ST=Timis/L=Timisoara/O=OWASP/OU=Sec/CN=Cornel/emailAddress=cornel.punga@gmail.com
---
No client certificate CA names sent
---
SSL handshake has read 1089 bytes and written 647 bytes
---
New, TLSv1/SSLv3, Cipher is AES256-GCM-SHA384
Server public key is 2048 bit
Secure Renegotiation IS supported
Compression: zlib compression
Expansion: zlib compression
SSL-Session:
    Protocol  : TLSv1.2
    Cipher    : AES256-GCM-SHA384
    Session-ID: C5EBC31FDBD4A6641CA61AA4D9BCFC99486858B3056751246C6C320ACBCD338C
    Session-ID-ctx: 
    Master-Key: 0ED3AF8AE6BFA28E9B275BBEA1898A0A5B04AA58DDEE3EB7693D63EF5FDC95FF0437473E1D9F8BFF7190455A8655EA67
    Key-Arg   : None
    PSK identity: None
    PSK identity hint: None
    SRP username: None
    TLS session ticket lifetime hint: 300 (seconds)
    TLS session ticket:
    0000 - e5 48 f8 fd eb 47 cb 8e-10 18 96 d2 db a5 ce 5a   .H...G.........Z
    0010 - 36 5b 70 91 a6 3c 8e f8-9c 75 34 b2 b6 36 d6 8e   6[p..<...u4..6..
    0020 - 95 da ec 78 5e 54 5a e3-21 bf 05 49 e5 81 6d 81   ...x^TZ.!..I..m.
    0030 - 3c 3c 4c bc 01 11 a8 4b-67 27 8e ff 99 4c 83 52   <<L....Kg'...L.R
    0040 - 46 0d 5d 3e 9e 27 ed 1f-0e 87 14 00 4d 22 6a 1d   F.]>.'......M"j.
    0050 - 7c a2 49 59 e6 84 41 96-c9 cb c0 14 3e 22 ee ea   |.IY..A.....>"..
    0060 - 3c 6f 6d bf 89 37 53 cb-46 78 c7 69 f7 0e c7 5a   <om..7S.Fx.i...Z
    0070 - 8f 60 16 e6 11 33 a3 15-05 16 5d 04 ce 3b 91 95   .`...3....]..;..
    0080 - 17 0b 4d 02 62 fa 89 18-fd ba 64 6f 3d 7e cc bb   ..M.b.....do=~..
    0090 - 3d f2 06 7b d6 e6 df d5-72 d8 17 7d 2c f8 fe f6   =..{....r..},...

    Compression: 1 (zlib compression)
    Start Time: 1401715078
    Timeout   : 300 (sec)
    Verify return code: 21 (unable to verify the first certificate)
---
