[INFO] [2018-03-02 02:35:35,819] [File 'plugin_handler.py', line 420, in process_plugin] - __________ 1 - Target: https://summerofcode.withgoogle.com/organizations/6664778743808000/ -> Plugin: Ppp (network/active) __________
[INFO] [2018-03-02 02:35:35,834] [File 'blocking_shell.py', line 164, in shell_exec_monitor] - 
[INFO] [2018-03-02 02:35:35,834] [File 'blocking_shell.py', line 165, in shell_exec_monitor] - Executing :

cd owtf_review/targets/https__summerofcode.withgoogle.com_organizations_6664778743808000_/partial/Ppp/active;/usr/share/metasploit-framework/msfconsole -q -x "use auxiliary/scanner/emc/alphastor_devicemanager; set RHOSTS 216.58.196.177; set RPORT 3500; run; exit"


[INFO] [2018-03-02 02:35:35,834] [File 'blocking_shell.py', line 166, in shell_exec_monitor] - 
[INFO] [2018-03-02 02:35:35,834] [File 'blocking_shell.py', line 167, in shell_exec_monitor] - ------> Execution Start Date/Time: 02/03/2018-02:35
[INFO] [2018-03-02 02:35:35,834] [File 'blocking_shell.py', line 168, in shell_exec_monitor] - 
[WARNING] [2018-03-02 02:35:35,847] [File 'blocking_shell.py', line 182, in shell_exec_monitor] - /bin/sh: 1: /usr/share/metasploit-framework/msfconsole: not found
[INFO] [2018-03-02 02:35:35,873] [File 'plugin_helper.py', line 177, in RunCommand] - Time=0s,  43ms
[INFO] [2018-03-02 02:35:35,876] [File 'blocking_shell.py', line 164, in shell_exec_monitor] - 
[INFO] [2018-03-02 02:35:35,877] [File 'blocking_shell.py', line 165, in shell_exec_monitor] - Executing :

cd owtf_review/targets/https__summerofcode.withgoogle.com_organizations_6664778743808000_/partial/Ppp/active;/usr/share/metasploit-framework/msfconsole -q -x "use auxiliary/scanner/emc/alphastor_librarymanager; set RHOSTS 216.58.196.177; set RPORT 3500; run; exit"


[INFO] [2018-03-02 02:35:35,877] [File 'blocking_shell.py', line 166, in shell_exec_monitor] - 
[INFO] [2018-03-02 02:35:35,877] [File 'blocking_shell.py', line 167, in shell_exec_monitor] - ------> Execution Start Date/Time: 02/03/2018-02:35
[INFO] [2018-03-02 02:35:35,877] [File 'blocking_shell.py', line 168, in shell_exec_monitor] - 
[WARNING] [2018-03-02 02:35:35,890] [File 'blocking_shell.py', line 182, in shell_exec_monitor] - /bin/sh: 1: /usr/share/metasploit-framework/msfconsole: not found
[INFO] [2018-03-02 02:35:35,906] [File 'plugin_helper.py', line 177, in RunCommand] - Time=0s,  31ms
[INFO] [2018-03-02 02:35:37,727] [File 'plugin_handler.py', line 420, in process_plugin] - __________ 2 - Target: https://summerofcode.withgoogle.com/organizations/6664778743808000/ -> Plugin: Smb (network/active) __________
[INFO] [2018-03-02 02:35:37,734] [File 'blocking_shell.py', line 164, in shell_exec_monitor] - 
[INFO] [2018-03-02 02:35:37,734] [File 'blocking_shell.py', line 165, in shell_exec_monitor] - Executing :

cd owtf_review/targets/https__summerofcode.withgoogle.com_organizations_6664778743808000_/partial/Smb/active;/usr/share/metasploit-framework/msfconsole -q -x "use auxiliary/scanner/smb/smb_version; set RHOSTS 216.58.196.177; set RPORT 445; run; exit"


[INFO] [2018-03-02 02:35:37,735] [File 'blocking_shell.py', line 166, in shell_exec_monitor] - 
[INFO] [2018-03-02 02:35:37,735] [File 'blocking_shell.py', line 167, in shell_exec_monitor] - ------> Execution Start Date/Time: 02/03/2018-02:35
[INFO] [2018-03-02 02:35:37,735] [File 'blocking_shell.py', line 168, in shell_exec_monitor] - 
[WARNING] [2018-03-02 02:35:37,752] [File 'blocking_shell.py', line 182, in shell_exec_monitor] - /bin/sh: 1: /usr/share/metasploit-framework/msfconsole: not found
[INFO] [2018-03-02 02:35:37,762] [File 'plugin_helper.py', line 177, in RunCommand] - Time=0s,  29ms
[INFO] [2018-03-02 02:35:37,765] [File 'blocking_shell.py', line 164, in shell_exec_monitor] - 
[INFO] [2018-03-02 02:35:37,765] [File 'blocking_shell.py', line 165, in shell_exec_monitor] - Executing :

cd owtf_review/targets/https__summerofcode.withgoogle.com_organizations_6664778743808000_/partial/Smb/active;python /usr/share/doc/python-impacket-doc/examples/samrdump.py 216.58.196.177 445/SMB


[INFO] [2018-03-02 02:35:37,765] [File 'blocking_shell.py', line 166, in shell_exec_monitor] - 
[INFO] [2018-03-02 02:35:37,765] [File 'blocking_shell.py', line 167, in shell_exec_monitor] - ------> Execution Start Date/Time: 02/03/2018-02:35
[INFO] [2018-03-02 02:35:37,765] [File 'blocking_shell.py', line 168, in shell_exec_monitor] - 
[WARNING] [2018-03-02 02:35:37,784] [File 'blocking_shell.py', line 182, in shell_exec_monitor] - python: can't open file '/usr/share/doc/python-impacket-doc/examples/samrdump.py': [Errno 2] No such file or directory
[INFO] [2018-03-02 02:35:37,795] [File 'plugin_helper.py', line 177, in RunCommand] - Time=0s,  32ms
[INFO] [2018-03-02 02:35:37,798] [File 'blocking_shell.py', line 164, in shell_exec_monitor] - 
[INFO] [2018-03-02 02:35:37,799] [File 'blocking_shell.py', line 165, in shell_exec_monitor] - Executing :

cd owtf_review/targets/https__summerofcode.withgoogle.com_organizations_6664778743808000_/partial/Smb/active;/usr/share/metasploit-framework/msfconsole -q -x "use auxiliary/scanner/smb/pipe_auditor; set RHOSTS 216.58.196.177; set RPORT 445; run; exit"


[INFO] [2018-03-02 02:35:37,799] [File 'blocking_shell.py', line 166, in shell_exec_monitor] - 
[INFO] [2018-03-02 02:35:37,799] [File 'blocking_shell.py', line 167, in shell_exec_monitor] - ------> Execution Start Date/Time: 02/03/2018-02:35
[INFO] [2018-03-02 02:35:37,800] [File 'blocking_shell.py', line 168, in shell_exec_monitor] - 
[WARNING] [2018-03-02 02:35:37,812] [File 'blocking_shell.py', line 182, in shell_exec_monitor] - /bin/sh: 1: /usr/share/metasploit-framework/msfconsole: not found
[INFO] [2018-03-02 02:35:37,840] [File 'plugin_helper.py', line 177, in RunCommand] - Time=0s,  43ms
[INFO] [2018-03-02 02:35:37,842] [File 'blocking_shell.py', line 164, in shell_exec_monitor] - 
[INFO] [2018-03-02 02:35:37,843] [File 'blocking_shell.py', line 165, in shell_exec_monitor] - Executing :

cd owtf_review/targets/https__summerofcode.withgoogle.com_organizations_6664778743808000_/partial/Smb/active;/usr/share/metasploit-framework/msfconsole -q -x "use auxiliary/scanner/smb/smb_enumusers; set RHOSTS 216.58.196.177; set RPORT 445; run; exit"


[INFO] [2018-03-02 02:35:37,843] [File 'blocking_shell.py', line 166, in shell_exec_monitor] - 
[INFO] [2018-03-02 02:35:37,843] [File 'blocking_shell.py', line 167, in shell_exec_monitor] - ------> Execution Start Date/Time: 02/03/2018-02:35
[INFO] [2018-03-02 02:35:37,843] [File 'blocking_shell.py', line 168, in shell_exec_monitor] - 
[WARNING] [2018-03-02 02:35:37,852] [File 'blocking_shell.py', line 182, in shell_exec_monitor] - /bin/sh: 1: /usr/share/metasploit-framework/msfconsole: not found
[INFO] [2018-03-02 02:35:37,885] [File 'plugin_helper.py', line 177, in RunCommand] - Time=0s,  44ms
[INFO] [2018-03-02 02:35:39,728] [File 'plugin_handler.py', line 420, in process_plugin] - __________ 3 - Target: https://summerofcode.withgoogle.com/organizations/6664778743808000/ -> Plugin: Smtp (network/active) __________
[INFO] [2018-03-02 02:35:39,736] [File 'blocking_shell.py', line 164, in shell_exec_monitor] - 
[INFO] [2018-03-02 02:35:39,737] [File 'blocking_shell.py', line 165, in shell_exec_monitor] - Executing :

cd owtf_review/targets/https__summerofcode.withgoogle.com_organizations_6664778743808000_/partial/Smtp/active;/usr/share/metasploit-framework/msfconsole -q -x "use auxiliary/scanner/smtp/smtp_enum; set RHOSTS 216.58.196.177; set RPORT 25; run; exit"


[INFO] [2018-03-02 02:35:39,737] [File 'blocking_shell.py', line 166, in shell_exec_monitor] - 
[INFO] [2018-03-02 02:35:39,737] [File 'blocking_shell.py', line 167, in shell_exec_monitor] - ------> Execution Start Date/Time: 02/03/2018-02:35
[INFO] [2018-03-02 02:35:39,737] [File 'blocking_shell.py', line 168, in shell_exec_monitor] - 
[WARNING] [2018-03-02 02:35:39,747] [File 'blocking_shell.py', line 182, in shell_exec_monitor] - /bin/sh: 1: /usr/share/metasploit-framework/msfconsole: not found
[INFO] [2018-03-02 02:35:39,763] [File 'plugin_helper.py', line 177, in RunCommand] - Time=0s,  28ms
[INFO] [2018-03-02 02:35:39,767] [File 'blocking_shell.py', line 164, in shell_exec_monitor] - 
[INFO] [2018-03-02 02:35:39,767] [File 'blocking_shell.py', line 165, in shell_exec_monitor] - Executing :

cd owtf_review/targets/https__summerofcode.withgoogle.com_organizations_6664778743808000_/partial/Smtp/active;/usr/share/metasploit-framework/msfconsole -q -x "use auxiliary/scanner/smtp/smtp_version; set RHOSTS 216.58.196.177; set RPORT 25; run; exit"


[INFO] [2018-03-02 02:35:39,768] [File 'blocking_shell.py', line 166, in shell_exec_monitor] - 
[INFO] [2018-03-02 02:35:39,768] [File 'blocking_shell.py', line 167, in shell_exec_monitor] - ------> Execution Start Date/Time: 02/03/2018-02:35
[INFO] [2018-03-02 02:35:39,768] [File 'blocking_shell.py', line 168, in shell_exec_monitor] - 
[WARNING] [2018-03-02 02:35:39,778] [File 'blocking_shell.py', line 182, in shell_exec_monitor] - /bin/sh: 1: /usr/share/metasploit-framework/msfconsole: not found
[INFO] [2018-03-02 02:35:39,784] [File 'plugin_helper.py', line 177, in RunCommand] - Time=0s,  19ms
[INFO] [2018-03-02 02:35:39,787] [File 'blocking_shell.py', line 164, in shell_exec_monitor] - 
[INFO] [2018-03-02 02:35:39,787] [File 'blocking_shell.py', line 165, in shell_exec_monitor] - Executing :

cd owtf_review/targets/https__summerofcode.withgoogle.com_organizations_6664778743808000_/partial/Smtp/active;/usr/share/metasploit-framework/msfconsole -q -x "use auxiliary/fuzzers/smtp/smtp_fuzzer; set RHOSTS 216.58.196.177; set RPORT 25; run; exit"


[INFO] [2018-03-02 02:35:39,787] [File 'blocking_shell.py', line 166, in shell_exec_monitor] - 
[INFO] [2018-03-02 02:35:39,787] [File 'blocking_shell.py', line 167, in shell_exec_monitor] - ------> Execution Start Date/Time: 02/03/2018-02:35
[INFO] [2018-03-02 02:35:39,787] [File 'blocking_shell.py', line 168, in shell_exec_monitor] - 
[WARNING] [2018-03-02 02:35:39,798] [File 'blocking_shell.py', line 182, in shell_exec_monitor] - /bin/sh: 1: /usr/share/metasploit-framework/msfconsole: not found
[INFO] [2018-03-02 02:35:39,819] [File 'plugin_helper.py', line 177, in RunCommand] - Time=0s,  33ms
[INFO] [2018-03-02 02:35:41,704] [File 'plugin_handler.py', line 420, in process_plugin] - __________ 4 - Target: https://summerofcode.withgoogle.com/organizations/6664778743808000/ -> Plugin: Snmp (network/active) __________
[INFO] [2018-03-02 02:35:41,710] [File 'blocking_shell.py', line 164, in shell_exec_monitor] - 
[INFO] [2018-03-02 02:35:41,711] [File 'blocking_shell.py', line 165, in shell_exec_monitor] - Executing :

cd owtf_review/targets/https__summerofcode.withgoogle.com_organizations_6664778743808000_/partial/Snmp/active;/usr/share/metasploit-framework/msfconsole -q -x "use auxiliary/scanner/snmp/snmp_enum; set RHOSTS 216.58.196.177; set RPORT 161; run; exit"


[INFO] [2018-03-02 02:35:41,711] [File 'blocking_shell.py', line 166, in shell_exec_monitor] - 
[INFO] [2018-03-02 02:35:41,711] [File 'blocking_shell.py', line 167, in shell_exec_monitor] - ------> Execution Start Date/Time: 02/03/2018-02:35
[INFO] [2018-03-02 02:35:41,711] [File 'blocking_shell.py', line 168, in shell_exec_monitor] - 
[WARNING] [2018-03-02 02:35:41,722] [File 'blocking_shell.py', line 182, in shell_exec_monitor] - /bin/sh: 1: /usr/share/metasploit-framework/msfconsole: not found
[INFO] [2018-03-02 02:35:41,733] [File 'plugin_helper.py', line 177, in RunCommand] - Time=0s,  24ms
[INFO] [2018-03-02 02:35:41,736] [File 'blocking_shell.py', line 164, in shell_exec_monitor] - 
[INFO] [2018-03-02 02:35:41,736] [File 'blocking_shell.py', line 165, in shell_exec_monitor] - Executing :

cd owtf_review/targets/https__summerofcode.withgoogle.com_organizations_6664778743808000_/partial/Snmp/active;/usr/share/metasploit-framework/msfconsole -q -x "use auxiliary/scanner/snmp/snmp_enumusers; set RHOSTS 216.58.196.177; set RPORT 161; run; exit"


[INFO] [2018-03-02 02:35:41,737] [File 'blocking_shell.py', line 166, in shell_exec_monitor] - 
[INFO] [2018-03-02 02:35:41,737] [File 'blocking_shell.py', line 167, in shell_exec_monitor] - ------> Execution Start Date/Time: 02/03/2018-02:35
[INFO] [2018-03-02 02:35:41,737] [File 'blocking_shell.py', line 168, in shell_exec_monitor] - 
[WARNING] [2018-03-02 02:35:41,746] [File 'blocking_shell.py', line 182, in shell_exec_monitor] - /bin/sh: 1: /usr/share/metasploit-framework/msfconsole: not found
[INFO] [2018-03-02 02:35:41,755] [File 'plugin_helper.py', line 177, in RunCommand] - Time=0s,  21ms
[INFO] [2018-03-02 02:35:41,758] [File 'blocking_shell.py', line 164, in shell_exec_monitor] - 
[INFO] [2018-03-02 02:35:41,758] [File 'blocking_shell.py', line 165, in shell_exec_monitor] - Executing :

cd owtf_review/targets/https__summerofcode.withgoogle.com_organizations_6664778743808000_/partial/Snmp/active;/usr/share/metasploit-framework/msfconsole -q -x "use auxiliary/scanner/snmp/aix_version; set RHOSTS 216.58.196.177; set RPORT 161; run; exit"


[INFO] [2018-03-02 02:35:41,758] [File 'blocking_shell.py', line 166, in shell_exec_monitor] - 
[INFO] [2018-03-02 02:35:41,758] [File 'blocking_shell.py', line 167, in shell_exec_monitor] - ------> Execution Start Date/Time: 02/03/2018-02:35
[INFO] [2018-03-02 02:35:41,758] [File 'blocking_shell.py', line 168, in shell_exec_monitor] - 
[WARNING] [2018-03-02 02:35:41,770] [File 'blocking_shell.py', line 182, in shell_exec_monitor] - /bin/sh: 1: /usr/share/metasploit-framework/msfconsole: not found
[INFO] [2018-03-02 02:35:41,790] [File 'plugin_helper.py', line 177, in RunCommand] - Time=0s,  33ms
[INFO] [2018-03-02 02:35:41,802] [File 'blocking_shell.py', line 164, in shell_exec_monitor] - 
[INFO] [2018-03-02 02:35:41,803] [File 'blocking_shell.py', line 165, in shell_exec_monitor] - Executing :

cd owtf_review/targets/https__summerofcode.withgoogle.com_organizations_6664778743808000_/partial/Snmp/active;/usr/share/metasploit-framework/msfconsole -q -x "use auxiliary/scanner/snmp/snmp_enumshares; set RHOSTS 216.58.196.177; set RPORT 161; run; exit"


[INFO] [2018-03-02 02:35:41,803] [File 'blocking_shell.py', line 166, in shell_exec_monitor] - 
[INFO] [2018-03-02 02:35:41,804] [File 'blocking_shell.py', line 167, in shell_exec_monitor] - ------> Execution Start Date/Time: 02/03/2018-02:35
[INFO] [2018-03-02 02:35:41,804] [File 'blocking_shell.py', line 168, in shell_exec_monitor] - 
[WARNING] [2018-03-02 02:35:41,842] [File 'blocking_shell.py', line 182, in shell_exec_monitor] - /bin/sh: 1: /usr/share/metasploit-framework/msfconsole: not found
[INFO] [2018-03-02 02:35:41,867] [File 'plugin_helper.py', line 177, in RunCommand] - Time=0s,  72ms
