[INFO] [2018-03-02 02:35:35,844] [File 'plugin_handler.py', line 420, in process_plugin] - __________ 1 - Target: https://www.npmjs.com/package/webpack -> Plugin: Smtp (network/active) __________
[INFO] [2018-03-02 02:35:35,857] [File 'blocking_shell.py', line 164, in shell_exec_monitor] - 
[INFO] [2018-03-02 02:35:35,858] [File 'blocking_shell.py', line 165, in shell_exec_monitor] - Executing :

cd owtf_review/targets/https__www.npmjs.com_package_webpack/partial/Smtp/active;/usr/share/metasploit-framework/msfconsole -q -x "use auxiliary/scanner/smtp/smtp_enum; set RHOSTS 151.101.0.162; set RPORT 25; run; exit"


[INFO] [2018-03-02 02:35:35,858] [File 'blocking_shell.py', line 166, in shell_exec_monitor] - 
[INFO] [2018-03-02 02:35:35,858] [File 'blocking_shell.py', line 167, in shell_exec_monitor] - ------> Execution Start Date/Time: 02/03/2018-02:35
[INFO] [2018-03-02 02:35:35,859] [File 'blocking_shell.py', line 168, in shell_exec_monitor] - 
[WARNING] [2018-03-02 02:35:35,871] [File 'blocking_shell.py', line 182, in shell_exec_monitor] - /bin/sh: 1: /usr/share/metasploit-framework/msfconsole: not found
[INFO] [2018-03-02 02:35:35,885] [File 'plugin_helper.py', line 177, in RunCommand] - Time=0s,  30ms
[INFO] [2018-03-02 02:35:35,888] [File 'blocking_shell.py', line 164, in shell_exec_monitor] - 
[INFO] [2018-03-02 02:35:35,889] [File 'blocking_shell.py', line 165, in shell_exec_monitor] - Executing :

cd owtf_review/targets/https__www.npmjs.com_package_webpack/partial/Smtp/active;/usr/share/metasploit-framework/msfconsole -q -x "use auxiliary/scanner/smtp/smtp_version; set RHOSTS 151.101.0.162; set RPORT 25; run; exit"


[INFO] [2018-03-02 02:35:35,889] [File 'blocking_shell.py', line 166, in shell_exec_monitor] - 
[INFO] [2018-03-02 02:35:35,889] [File 'blocking_shell.py', line 167, in shell_exec_monitor] - ------> Execution Start Date/Time: 02/03/2018-02:35
[INFO] [2018-03-02 02:35:35,890] [File 'blocking_shell.py', line 168, in shell_exec_monitor] - 
[WARNING] [2018-03-02 02:35:35,901] [File 'blocking_shell.py', line 182, in shell_exec_monitor] - /bin/sh: 1: /usr/share/metasploit-framework/msfconsole: not found
[INFO] [2018-03-02 02:35:35,917] [File 'plugin_helper.py', line 177, in RunCommand] - Time=0s,  31ms
[INFO] [2018-03-02 02:35:35,921] [File 'blocking_shell.py', line 164, in shell_exec_monitor] - 
[INFO] [2018-03-02 02:35:35,921] [File 'blocking_shell.py', line 165, in shell_exec_monitor] - Executing :

cd owtf_review/targets/https__www.npmjs.com_package_webpack/partial/Smtp/active;/usr/share/metasploit-framework/msfconsole -q -x "use auxiliary/fuzzers/smtp/smtp_fuzzer; set RHOSTS 151.101.0.162; set RPORT 25; run; exit"


[INFO] [2018-03-02 02:35:35,921] [File 'blocking_shell.py', line 166, in shell_exec_monitor] - 
[INFO] [2018-03-02 02:35:35,921] [File 'blocking_shell.py', line 167, in shell_exec_monitor] - ------> Execution Start Date/Time: 02/03/2018-02:35
[INFO] [2018-03-02 02:35:35,921] [File 'blocking_shell.py', line 168, in shell_exec_monitor] - 
[WARNING] [2018-03-02 02:35:35,931] [File 'blocking_shell.py', line 182, in shell_exec_monitor] - /bin/sh: 1: /usr/share/metasploit-framework/msfconsole: not found
[INFO] [2018-03-02 02:35:35,963] [File 'plugin_helper.py', line 177, in RunCommand] - Time=0s,  44ms
[INFO] [2018-03-02 02:35:37,743] [File 'plugin_handler.py', line 420, in process_plugin] - __________ 2 - Target: https://www.npmjs.com/package/webpack -> Plugin: Snmp (network/active) __________
[INFO] [2018-03-02 02:35:37,749] [File 'blocking_shell.py', line 164, in shell_exec_monitor] - 
[INFO] [2018-03-02 02:35:37,749] [File 'blocking_shell.py', line 165, in shell_exec_monitor] - Executing :

cd owtf_review/targets/https__www.npmjs.com_package_webpack/partial/Snmp/active;/usr/share/metasploit-framework/msfconsole -q -x "use auxiliary/scanner/snmp/snmp_enum; set RHOSTS 151.101.0.162; set RPORT 161; run; exit"


[INFO] [2018-03-02 02:35:37,750] [File 'blocking_shell.py', line 166, in shell_exec_monitor] - 
[INFO] [2018-03-02 02:35:37,750] [File 'blocking_shell.py', line 167, in shell_exec_monitor] - ------> Execution Start Date/Time: 02/03/2018-02:35
[INFO] [2018-03-02 02:35:37,750] [File 'blocking_shell.py', line 168, in shell_exec_monitor] - 
[WARNING] [2018-03-02 02:35:37,762] [File 'blocking_shell.py', line 182, in shell_exec_monitor] - /bin/sh: 1: /usr/share/metasploit-framework/msfconsole: not found
[INFO] [2018-03-02 02:35:37,784] [File 'plugin_helper.py', line 177, in RunCommand] - Time=0s,  36ms
[INFO] [2018-03-02 02:35:37,787] [File 'blocking_shell.py', line 164, in shell_exec_monitor] - 
[INFO] [2018-03-02 02:35:37,787] [File 'blocking_shell.py', line 165, in shell_exec_monitor] - Executing :

cd owtf_review/targets/https__www.npmjs.com_package_webpack/partial/Snmp/active;/usr/share/metasploit-framework/msfconsole -q -x "use auxiliary/scanner/snmp/snmp_enumusers; set RHOSTS 151.101.0.162; set RPORT 161; run; exit"


[INFO] [2018-03-02 02:35:37,788] [File 'blocking_shell.py', line 166, in shell_exec_monitor] - 
[INFO] [2018-03-02 02:35:37,788] [File 'blocking_shell.py', line 167, in shell_exec_monitor] - ------> Execution Start Date/Time: 02/03/2018-02:35
[INFO] [2018-03-02 02:35:37,788] [File 'blocking_shell.py', line 168, in shell_exec_monitor] - 
[WARNING] [2018-03-02 02:35:37,799] [File 'blocking_shell.py', line 182, in shell_exec_monitor] - /bin/sh: 1: /usr/share/metasploit-framework/msfconsole: not found
[INFO] [2018-03-02 02:35:37,807] [File 'plugin_helper.py', line 177, in RunCommand] - Time=0s,  21ms
[INFO] [2018-03-02 02:35:37,810] [File 'blocking_shell.py', line 164, in shell_exec_monitor] - 
[INFO] [2018-03-02 02:35:37,810] [File 'blocking_shell.py', line 165, in shell_exec_monitor] - Executing :

cd owtf_review/targets/https__www.npmjs.com_package_webpack/partial/Snmp/active;/usr/share/metasploit-framework/msfconsole -q -x "use auxiliary/scanner/snmp/aix_version; set RHOSTS 151.101.0.162; set RPORT 161; run; exit"


[INFO] [2018-03-02 02:35:37,810] [File 'blocking_shell.py', line 166, in shell_exec_monitor] - 
[INFO] [2018-03-02 02:35:37,810] [File 'blocking_shell.py', line 167, in shell_exec_monitor] - ------> Execution Start Date/Time: 02/03/2018-02:35
[INFO] [2018-03-02 02:35:37,810] [File 'blocking_shell.py', line 168, in shell_exec_monitor] - 
[WARNING] [2018-03-02 02:35:37,821] [File 'blocking_shell.py', line 182, in shell_exec_monitor] - /bin/sh: 1: /usr/share/metasploit-framework/msfconsole: not found
[INFO] [2018-03-02 02:35:37,851] [File 'plugin_helper.py', line 177, in RunCommand] - Time=0s,  43ms
[INFO] [2018-03-02 02:35:37,854] [File 'blocking_shell.py', line 164, in shell_exec_monitor] - 
[INFO] [2018-03-02 02:35:37,854] [File 'blocking_shell.py', line 165, in shell_exec_monitor] - Executing :

cd owtf_review/targets/https__www.npmjs.com_package_webpack/partial/Snmp/active;/usr/share/metasploit-framework/msfconsole -q -x "use auxiliary/scanner/snmp/snmp_enumshares; set RHOSTS 151.101.0.162; set RPORT 161; run; exit"


[INFO] [2018-03-02 02:35:37,854] [File 'blocking_shell.py', line 166, in shell_exec_monitor] - 
[INFO] [2018-03-02 02:35:37,854] [File 'blocking_shell.py', line 167, in shell_exec_monitor] - ------> Execution Start Date/Time: 02/03/2018-02:35
[INFO] [2018-03-02 02:35:37,854] [File 'blocking_shell.py', line 168, in shell_exec_monitor] - 
[WARNING] [2018-03-02 02:35:37,865] [File 'blocking_shell.py', line 182, in shell_exec_monitor] - /bin/sh: 1: /usr/share/metasploit-framework/msfconsole: not found
[INFO] [2018-03-02 02:35:37,897] [File 'plugin_helper.py', line 177, in RunCommand] - Time=0s,  44ms
